<?xml version="1.0" encoding="UTF-8"?>
<!-- Generated by org.testng.reporters.JUnitReportReporter -->
<testsuite skipped="0" hostname="LTPCHE102076955" name="com.mobileAuto.MobileEmulatorAutomation" tests="1" failures="0" timestamp="2020-07-19T03:13:13 IST" time="35.951" errors="0">
  <testcase name="TC_01_Verify_LaunchApp" time="35.951" classname="com.mobileAuto.MobileEmulatorAutomation"/>
  <system-out/>
</testsuite> <!-- com.mobileAuto.MobileEmulatorAutomation -->
