<?xml version="1.0" encoding="UTF-8"?>
<!-- Generated by org.testng.reporters.JUnitReportReporter -->
<testsuite skipped="0" hostname="LTPCHE102076955" name="com.mobileAuto.Common" tests="1" failures="0" timestamp="2020-07-21T16:21:46 IST" time="61.805" errors="0">
  <testcase name="TC_01_Verify_LaunchApp" time="61.805" classname="com.mobileAuto.Common"/>
  <system-out/>
</testsuite> <!-- com.mobileAuto.Common -->
