<?xml version="1.0" encoding="UTF-8"?>
<!-- Generated by org.testng.reporters.JUnitReportReporter -->
<testsuite skipped="0" hostname="LTPCHE102076955" name="com.mobileAuto.MobileAutomation" tests="1" failures="0" timestamp="2020-07-21T16:21:46 IST" time="0.504" errors="0">
  <testcase name="TC_03_Verify_CloseApp_is_successful" time="0.504" classname="com.mobileAuto.MobileAutomation"/>
  <system-out/>
</testsuite> <!-- com.mobileAuto.MobileAutomation -->
